{"/home/wachuma/Blockchain/soroswap/soroban-toolkit/src/config/defaultNetworks.ts": {"path":"/home/wachuma/Blockchain/soroswap/soroban-toolkit/src/config/defaultNetworks.ts","statementMap":{"0":{"start":{"line":1,"column":0},"end":{"line":1,"column":48}},"1":{"start":{"line":4,"column":13},"end":{"line":10,"column":2}},"2":{"start":{"line":12,"column":13},"end":{"line":18,"column":2}}},"fnMap":{},"branchMap":{},"s":{"0":1,"1":1,"2":1},"f":{},"b":{}}
,"/home/wachuma/Blockchain/soroswap/soroban-toolkit/src/config/loader.ts": {"path":"/home/wachuma/Blockchain/soroswap/soroban-toolkit/src/config/loader.ts","statementMap":{"0":{"start":{"line":17,"column":0},"end":{"line":17,"column":16}},"1":{"start":{"line":1,"column":0},"end":{"line":1,"column":55}},"2":{"start":{"line":2,"column":0},"end":{"line":2,"column":65}},"3":{"start":{"line":25,"column":64},"end":{"line":28,"column":4}},"4":{"start":{"line":31,"column":29},"end":{"line":34,"column":54}},"5":{"start":{"line":32,"column":4},"end":{"line":32,"column":35}},"6":{"start":{"line":33,"column":4},"end":{"line":33,"column":15}},"7":{"start":{"line":37,"column":19},"end":{"line":37,"column":67}},"8":{"start":{"line":39,"column":2},"end":{"line":66,"column":4}},"9":{"start":{"line":46,"column":22},"end":{"line":46,"column":46}},"10":{"start":{"line":47,"column":6},"end":{"line":49,"column":7}},"11":{"start":{"line":48,"column":8},"end":{"line":48,"column":59}},"12":{"start":{"line":50,"column":6},"end":{"line":56,"column":9}},"13":{"start":{"line":64,"column":6},"end":{"line":64,"column":38}}},"fnMap":{"0":{"name":"createToolkit","decl":{"start":{"line":17,"column":16},"end":{"line":17,"column":29}},"loc":{"start":{"line":23,"column":23},"end":{"line":67,"column":1}}},"1":{"name":"(anonymous_1)","decl":{"start":{"line":31,"column":52},"end":{"line":31,"column":53}},"loc":{"start":{"line":31,"column":69},"end":{"line":34,"column":3}}},"2":{"name":"(anonymous_2)","decl":{"start":{"line":45,"column":4},"end":{"line":45,"column":21}},"loc":{"start":{"line":45,"column":41},"end":{"line":57,"column":5}}},"3":{"name":"(anonymous_3)","decl":{"start":{"line":63,"column":4},"end":{"line":63,"column":25}},"loc":{"start":{"line":63,"column":25},"end":{"line":65,"column":5}}}},"branchMap":{"0":{"loc":{"start":{"line":21,"column":2},"end":{"line":21,"column":32}},"type":"default-arg","locations":[{"start":{"line":21,"column":20},"end":{"line":21,"column":32}}]},"1":{"loc":{"start":{"line":22,"column":2},"end":{"line":22,"column":18}},"type":"default-arg","locations":[{"start":{"line":22,"column":12},"end":{"line":22,"column":18}}]},"2":{"loc":{"start":{"line":31,"column":29},"end":{"line":34,"column":54}},"type":"cond-expr","locations":[{"start":{"line":34,"column":48},"end":{"line":34,"column":52}},{"start":{"line":34,"column":52},"end":{"line":34,"column":54}}]},"3":{"loc":{"start":{"line":31,"column":29},"end":{"line":34,"column":52}},"type":"binary-expr","locations":[{"start":{"line":31,"column":29},"end":{"line":34,"column":52}},{"start":{"line":34,"column":48},"end":{"line":34,"column":52}}]},"4":{"loc":{"start":{"line":31,"column":29},"end":{"line":34,"column":48}},"type":"cond-expr","locations":[{"start":{"line":31,"column":43},"end":{"line":31,"column":45}},{"start":{"line":31,"column":29},"end":{"line":34,"column":48}}]},"5":{"loc":{"start":{"line":31,"column":29},"end":{"line":31,"column":45}},"type":"binary-expr","locations":[{"start":{"line":31,"column":29},"end":{"line":31,"column":45}},{"start":{"line":31,"column":29},"end":{"line":31,"column":45}}]},"6":{"loc":{"start":{"line":47,"column":6},"end":{"line":49,"column":7}},"type":"if","locations":[{"start":{"line":47,"column":6},"end":{"line":49,"column":7}},{"start":{},"end":{}}]}},"s":{"0":1,"1":1,"2":1,"3":10,"4":10,"5":2,"6":2,"7":10,"8":10,"9":4,"10":4,"11":1,"12":3,"13":5},"f":{"0":10,"1":2,"2":4,"3":5},"b":{"0":[9],"1":[9],"2":[2,8],"3":[10,10],"4":[8,2],"5":[10,10],"6":[1,3]}}
,"/home/wachuma/Blockchain/soroswap/soroban-toolkit/src/config/toolkit.ts": {"path":"/home/wachuma/Blockchain/soroswap/soroban-toolkit/src/config/toolkit.ts","statementMap":{"0":{"start":{"line":1,"column":0},"end":{"line":1,"column":61}},"1":{"start":{"line":2,"column":0},"end":{"line":2,"column":51}},"2":{"start":{"line":37,"column":8},"end":{"line":37,"column":15}},"3":{"start":{"line":39,"column":4},"end":{"line":41,"column":5}},"4":{"start":{"line":40,"column":6},"end":{"line":40,"column":55}},"5":{"start":{"line":43,"column":4},"end":{"line":45,"column":7}},"6":{"start":{"line":46,"column":4},"end":{"line":48,"column":7}},"7":{"start":{"line":49,"column":4},"end":{"line":49,"column":48}},"8":{"start":{"line":50,"column":4},"end":{"line":50,"column":45}},"9":{"start":{"line":51,"column":4},"end":{"line":51,"column":49}},"10":{"start":{"line":52,"column":4},"end":{"line":52,"column":39}},"11":{"start":{"line":53,"column":4},"end":{"line":56,"column":6}},"12":{"start":{"line":57,"column":4},"end":{"line":57,"column":27}},"13":{"start":{"line":66,"column":17},"end":{"line":66,"column":40}},"14":{"start":{"line":67,"column":4},"end":{"line":69,"column":5}},"15":{"start":{"line":68,"column":6},"end":{"line":68,"column":72}},"16":{"start":{"line":70,"column":4},"end":{"line":70,"column":16}},"17":{"start":{"line":79,"column":4},"end":{"line":79,"column":42}},"18":{"start":{"line":88,"column":4},"end":{"line":88,"column":40}},"19":{"start":{"line":88,"column":33},"end":{"line":88,"column":40}},"20":{"start":{"line":89,"column":4},"end":{"line":93,"column":5}},"21":{"start":{"line":90,"column":6},"end":{"line":90,"column":31}},"22":{"start":{"line":91,"column":11},"end":{"line":93,"column":5}},"23":{"start":{"line":92,"column":6},"end":{"line":92,"column":31}},"24":{"start":{"line":102,"column":4},"end":{"line":102,"column":33}},"25":{"start":{"line":20,"column":0},"end":{"line":20,"column":13}}},"fnMap":{"0":{"name":"(anonymous_0)","decl":{"start":{"line":30,"column":2},"end":{"line":30,"column":14}},"loc":{"start":{"line":30,"column":37},"end":{"line":58,"column":3}}},"1":{"name":"(anonymous_1)","decl":{"start":{"line":65,"column":2},"end":{"line":65,"column":17}},"loc":{"start":{"line":65,"column":29},"end":{"line":71,"column":3}}},"2":{"name":"(anonymous_2)","decl":{"start":{"line":78,"column":2},"end":{"line":78,"column":15}},"loc":{"start":{"line":78,"column":34},"end":{"line":80,"column":3}}},"3":{"name":"(anonymous_3)","decl":{"start":{"line":87,"column":10},"end":{"line":87,"column":13}},"loc":{"start":{"line":87,"column":56},"end":{"line":94,"column":3}}},"4":{"name":"(anonymous_4)","decl":{"start":{"line":101,"column":9},"end":{"line":101,"column":19}},"loc":{"start":{"line":101,"column":62},"end":{"line":103,"column":3}}}},"branchMap":{"0":{"loc":{"start":{"line":34,"column":6},"end":{"line":34,"column":24}},"type":"default-arg","locations":[{"start":{"line":34,"column":22},"end":{"line":34,"column":24}}]},"1":{"loc":{"start":{"line":35,"column":6},"end":{"line":35,"column":36}},"type":"default-arg","locations":[{"start":{"line":35,"column":24},"end":{"line":35,"column":36}}]},"2":{"loc":{"start":{"line":36,"column":6},"end":{"line":36,"column":22}},"type":"default-arg","locations":[{"start":{"line":36,"column":16},"end":{"line":36,"column":22}}]},"3":{"loc":{"start":{"line":39,"column":4},"end":{"line":41,"column":5}},"type":"if","locations":[{"start":{"line":39,"column":4},"end":{"line":41,"column":5}},{"start":{},"end":{}}]},"4":{"loc":{"start":{"line":67,"column":4},"end":{"line":69,"column":5}},"type":"if","locations":[{"start":{"line":67,"column":4},"end":{"line":69,"column":5}},{"start":{},"end":{}}]},"5":{"loc":{"start":{"line":88,"column":4},"end":{"line":88,"column":40}},"type":"if","locations":[{"start":{"line":88,"column":4},"end":{"line":88,"column":40}},{"start":{},"end":{}}]},"6":{"loc":{"start":{"line":89,"column":4},"end":{"line":93,"column":5}},"type":"if","locations":[{"start":{"line":89,"column":4},"end":{"line":93,"column":5}},{"start":{"line":91,"column":11},"end":{"line":93,"column":5}}]},"7":{"loc":{"start":{"line":89,"column":8},"end":{"line":89,"column":51}},"type":"binary-expr","locations":[{"start":{"line":89,"column":8},"end":{"line":89,"column":31}},{"start":{"line":89,"column":35},"end":{"line":89,"column":51}}]},"8":{"loc":{"start":{"line":91,"column":11},"end":{"line":93,"column":5}},"type":"if","locations":[{"start":{"line":91,"column":11},"end":{"line":93,"column":5}},{"start":{},"end":{}}]}},"s":{"0":4,"1":4,"2":29,"3":29,"4":1,"5":28,"6":28,"7":28,"8":28,"9":28,"10":28,"11":28,"12":28,"13":2,"14":2,"15":1,"16":1,"17":2,"18":16,"19":9,"20":7,"21":2,"22":5,"23":4,"24":16,"25":4},"f":{"0":29,"1":2,"2":2,"3":16,"4":16},"b":{"0":[26],"1":[25],"2":[20],"3":[1,28],"4":[1,1],"5":[9,7],"6":[2,5],"7":[7,3],"8":[4,1]}}
,"/home/wachuma/Blockchain/soroswap/soroban-toolkit/src/managers/transaction.ts": {"path":"/home/wachuma/Blockchain/soroswap/soroban-toolkit/src/managers/transaction.ts","statementMap":{"0":{"start":{"line":12,"column":0},"end":{"line":12,"column":22}},"1":{"start":{"line":22,"column":0},"end":{"line":22,"column":22}},"2":{"start":{"line":41,"column":0},"end":{"line":41,"column":22}},"3":{"start":{"line":51,"column":0},"end":{"line":51,"column":22}},"4":{"start":{"line":1,"column":0},"end":{"line":1,"column":null}},"5":{"start":{"line":17,"column":13},"end":{"line":17,"column":55}},"6":{"start":{"line":18,"column":2},"end":{"line":18,"column":18}},"7":{"start":{"line":19,"column":2},"end":{"line":19,"column":20}},"8":{"start":{"line":23,"column":2},"end":{"line":39,"column":null}},"9":{"start":{"line":28,"column":20},"end":{"line":28,"column":67}},"10":{"start":{"line":30,"column":2},"end":{"line":32,"column":3}},"11":{"start":{"line":31,"column":4},"end":{"line":31,"column":59}},"12":{"start":{"line":34,"column":2},"end":{"line":34,"column":36}},"13":{"start":{"line":35,"column":13},"end":{"line":35,"column":30}},"14":{"start":{"line":36,"column":17},"end":{"line":36,"column":69}},"15":{"start":{"line":38,"column":2},"end":{"line":38,"column":16}},"16":{"start":{"line":42,"column":27},"end":{"line":42,"column":105}},"17":{"start":{"line":44,"column":2},"end":{"line":48,"column":5}},"18":{"start":{"line":57,"column":29},"end":{"line":57,"column":79}},"19":{"start":{"line":59,"column":2},"end":{"line":64,"column":3}},"20":{"start":{"line":60,"column":4},"end":{"line":60,"column":74}},"21":{"start":{"line":61,"column":4},"end":{"line":61,"column":36}},"22":{"start":{"line":62,"column":9},"end":{"line":64,"column":3}},"23":{"start":{"line":63,"column":4},"end":{"line":63,"column":30}},"24":{"start":{"line":66,"column":31},"end":{"line":66,"column":87}},"25":{"start":{"line":67,"column":21},"end":{"line":67,"column":49}},"26":{"start":{"line":68,"column":2},"end":{"line":68,"column":43}},"27":{"start":{"line":70,"column":18},"end":{"line":70,"column":51}},"28":{"start":{"line":71,"column":2},"end":{"line":71,"column":61}},"29":{"start":{"line":73,"column":2},"end":{"line":73,"column":63}},"30":{"start":{"line":75,"column":2},"end":{"line":75,"column":49}},"31":{"start":{"line":76,"column":19},"end":{"line":76,"column":64}},"32":{"start":{"line":77,"column":17},"end":{"line":77,"column":32}},"33":{"start":{"line":80,"column":2},"end":{"line":89,"column":3}},"34":{"start":{"line":81,"column":4},"end":{"line":81,"column":62}},"35":{"start":{"line":81,"column":35},"end":{"line":81,"column":60}},"36":{"start":{"line":82,"column":4},"end":{"line":82,"column":52}},"37":{"start":{"line":83,"column":4},"end":{"line":83,"column":59}},"38":{"start":{"line":85,"column":4},"end":{"line":88,"column":5}},"39":{"start":{"line":86,"column":6},"end":{"line":86,"column":59}},"40":{"start":{"line":87,"column":6},"end":{"line":87,"column":12}},"41":{"start":{"line":90,"column":2},"end":{"line":90,"column":20}}},"fnMap":{"0":{"name":"signWithKeypair","decl":{"start":{"line":12,"column":22},"end":{"line":12,"column":37}},"loc":{"start":{"line":15,"column":17},"end":{"line":20,"column":null}}},"1":{"name":"createTransaction","decl":{"start":{"line":22,"column":22},"end":{"line":22,"column":39}},"loc":{"start":{"line":22,"column":39},"end":{"line":39,"column":null}}},"2":{"name":"(anonymous_3)","decl":{"start":{"line":23,"column":2},"end":{"line":23,"column":25}},"loc":{"start":{"line":26,"column":18},"end":{"line":39,"column":1}}},"3":{"name":"createTransactionBuilder","decl":{"start":{"line":41,"column":22},"end":{"line":41,"column":46}},"loc":{"start":{"line":41,"column":88},"end":{"line":49,"column":null}}},"4":{"name":"sendTransaction","decl":{"start":{"line":51,"column":22},"end":{"line":51,"column":37}},"loc":{"start":{"line":55,"column":18},"end":{"line":91,"column":null}}},"5":{"name":"(anonymous_8)","decl":{"start":{"line":81,"column":22},"end":{"line":81,"column":23}},"loc":{"start":{"line":81,"column":35},"end":{"line":81,"column":60}}}},"branchMap":{"0":{"loc":{"start":{"line":25,"column":2},"end":{"line":25,"column":27}},"type":"default-arg","locations":[{"start":{"line":25,"column":22},"end":{"line":25,"column":27}}]},"1":{"loc":{"start":{"line":30,"column":2},"end":{"line":32,"column":3}},"type":"if","locations":[{"start":{"line":30,"column":2},"end":{"line":32,"column":3}},{"start":{},"end":{}}]},"2":{"loc":{"start":{"line":42,"column":56},"end":{"line":42,"column":104}},"type":"cond-expr","locations":[{"start":{"line":42,"column":75},"end":{"line":42,"column":79}},{"start":{"line":42,"column":79},"end":{"line":42,"column":104}}]},"3":{"loc":{"start":{"line":42,"column":56},"end":{"line":42,"column":79}},"type":"binary-expr","locations":[{"start":{"line":42,"column":56},"end":{"line":42,"column":79}},{"start":{"line":42,"column":75},"end":{"line":42,"column":79}}]},"4":{"loc":{"start":{"line":42,"column":56},"end":{"line":42,"column":75}},"type":"cond-expr","locations":[{"start":{"line":42,"column":62},"end":{"line":42,"column":64}},{"start":{"line":42,"column":56},"end":{"line":42,"column":75}}]},"5":{"loc":{"start":{"line":42,"column":56},"end":{"line":42,"column":64}},"type":"binary-expr","locations":[{"start":{"line":42,"column":56},"end":{"line":42,"column":64}},{"start":{"line":42,"column":56},"end":{"line":42,"column":64}}]},"6":{"loc":{"start":{"line":59,"column":2},"end":{"line":64,"column":3}},"type":"if","locations":[{"start":{"line":59,"column":2},"end":{"line":64,"column":3}},{"start":{"line":62,"column":9},"end":{"line":64,"column":3}}]},"7":{"loc":{"start":{"line":62,"column":9},"end":{"line":64,"column":3}},"type":"if","locations":[{"start":{"line":62,"column":9},"end":{"line":64,"column":3}},{"start":{},"end":{}}]},"8":{"loc":{"start":{"line":68,"column":18},"end":{"line":68,"column":41}},"type":"cond-expr","locations":[{"start":{"line":68,"column":18},"end":{"line":68,"column":24}},{"start":{"line":68,"column":28},"end":{"line":68,"column":41}}]},"9":{"loc":{"start":{"line":68,"column":18},"end":{"line":68,"column":28}},"type":"binary-expr","locations":[{"start":{"line":68,"column":18},"end":{"line":68,"column":28}},{"start":{"line":68,"column":18},"end":{"line":68,"column":28}}]},"10":{"loc":{"start":{"line":85,"column":4},"end":{"line":88,"column":5}},"type":"if","locations":[{"start":{"line":85,"column":4},"end":{"line":88,"column":5}},{"start":{},"end":{}}]}},"s":{"0":1,"1":1,"2":1,"3":1,"4":1,"5":0,"6":0,"7":0,"8":0,"9":0,"10":0,"11":0,"12":0,"13":0,"14":0,"15":0,"16":0,"17":0,"18":0,"19":0,"20":0,"21":0,"22":0,"23":0,"24":0,"25":0,"26":0,"27":0,"28":0,"29":0,"30":0,"31":0,"32":0,"33":0,"34":0,"35":0,"36":0,"37":0,"38":0,"39":0,"40":0,"41":0},"f":{"0":0,"1":0,"2":0,"3":0,"4":0,"5":0},"b":{"0":[0],"1":[0,0],"2":[0,0],"3":[0,0],"4":[0,0],"5":[0,0],"6":[0,0],"7":[0,0],"8":[0,0],"9":[0,0],"10":[0,0]}}
,"/home/wachuma/Blockchain/soroswap/soroban-toolkit/src/utils/accountUtils.ts": {"path":"/home/wachuma/Blockchain/soroswap/soroban-toolkit/src/utils/accountUtils.ts","statementMap":{"0":{"start":{"line":10,"column":0},"end":{"line":10,"column":22}},"1":{"start":{"line":23,"column":0},"end":{"line":23,"column":22}},"2":{"start":{"line":1,"column":0},"end":{"line":1,"column":81}},"3":{"start":{"line":3,"column":0},"end":{"line":3,"column":60}},"4":{"start":{"line":11,"column":2},"end":{"line":20,"column":3}},"5":{"start":{"line":12,"column":4},"end":{"line":12,"column":77}},"6":{"start":{"line":13,"column":4},"end":{"line":13,"column":77}},"7":{"start":{"line":15,"column":4},"end":{"line":15,"column":70}},"8":{"start":{"line":18,"column":4},"end":{"line":18,"column":88}},"9":{"start":{"line":18,"column":24},"end":{"line":18,"column":88}},"10":{"start":{"line":19,"column":4},"end":{"line":19,"column":80}},"11":{"start":{"line":29,"column":24},"end":{"line":29,"column":48}},"12":{"start":{"line":30,"column":13},"end":{"line":30,"column":71}},"13":{"start":{"line":32,"column":17},"end":{"line":32,"column":67}},"14":{"start":{"line":33,"column":23},"end":{"line":33,"column":69}},"15":{"start":{"line":35,"column":2},"end":{"line":37,"column":3}},"16":{"start":{"line":36,"column":4},"end":{"line":36,"column":52}},"17":{"start":{"line":38,"column":2},"end":{"line":40,"column":3}},"18":{"start":{"line":39,"column":4},"end":{"line":39,"column":24}},"19":{"start":{"line":41,"column":23},"end":{"line":41,"column":43}},"20":{"start":{"line":42,"column":2},"end":{"line":42,"column":22}}},"fnMap":{"0":{"name":"airdropAccount","decl":{"start":{"line":10,"column":22},"end":{"line":10,"column":36}},"loc":{"start":{"line":10,"column":75},"end":{"line":21,"column":null}}},"1":{"name":"getTokenBalance","decl":{"start":{"line":23,"column":22},"end":{"line":23,"column":37}},"loc":{"start":{"line":27,"column":18},"end":{"line":43,"column":null}}}},"branchMap":{"0":{"loc":{"start":{"line":18,"column":4},"end":{"line":18,"column":88}},"type":"if","locations":[{"start":{"line":18,"column":4},"end":{"line":18,"column":88}},{"start":{},"end":{}}]},"1":{"loc":{"start":{"line":35,"column":2},"end":{"line":37,"column":3}},"type":"if","locations":[{"start":{"line":35,"column":2},"end":{"line":37,"column":3}},{"start":{},"end":{}}]},"2":{"loc":{"start":{"line":38,"column":2},"end":{"line":40,"column":3}},"type":"if","locations":[{"start":{"line":38,"column":2},"end":{"line":40,"column":3}},{"start":{},"end":{}}]}},"s":{"0":1,"1":1,"2":1,"3":1,"4":6,"5":6,"6":6,"7":4,"8":2,"9":1,"10":2,"11":0,"12":0,"13":0,"14":0,"15":0,"16":0,"17":0,"18":0,"19":0,"20":0},"f":{"0":6,"1":0},"b":{"0":[1,1],"1":[0,0],"2":[0,0]}}
,"/home/wachuma/Blockchain/soroswap/soroban-toolkit/src/utils/addressBook.ts": {"path":"/home/wachuma/Blockchain/soroswap/soroban-toolkit/src/utils/addressBook.ts","statementMap":{"0":{"start":{"line":1,"column":0},"end":{"line":1,"column":72}},"1":{"start":{"line":2,"column":0},"end":{"line":2,"column":24}},"2":{"start":{"line":14,"column":4},"end":{"line":14,"column":19}},"3":{"start":{"line":15,"column":4},"end":{"line":15,"column":25}},"4":{"start":{"line":16,"column":4},"end":{"line":16,"column":29}},"5":{"start":{"line":29,"column":21},"end":{"line":29,"column":69}},"6":{"start":{"line":30,"column":4},"end":{"line":43,"column":5}},"7":{"start":{"line":31,"column":27},"end":{"line":31,"column":72}},"8":{"start":{"line":32,"column":26},"end":{"line":32,"column":50}},"9":{"start":{"line":33,"column":6},"end":{"line":37,"column":8}},"10":{"start":{"line":39,"column":6},"end":{"line":41,"column":8}},"11":{"start":{"line":42,"column":6},"end":{"line":42,"column":61}},"12":{"start":{"line":50,"column":20},"end":{"line":50,"column":47}},"13":{"start":{"line":52,"column":4},"end":{"line":54,"column":5}},"14":{"start":{"line":53,"column":6},"end":{"line":53,"column":46}},"15":{"start":{"line":56,"column":24},"end":{"line":64,"column":null}},"16":{"start":{"line":59,"column":8},"end":{"line":61,"column":9}},"17":{"start":{"line":60,"column":10},"end":{"line":60,"column":43}},"18":{"start":{"line":62,"column":8},"end":{"line":62,"column":54}},"19":{"start":{"line":67,"column":4},"end":{"line":67,"column":69}},"20":{"start":{"line":68,"column":4},"end":{"line":68,"column":59}},"21":{"start":{"line":77,"column":23},"end":{"line":77,"column":48}},"22":{"start":{"line":79,"column":4},"end":{"line":83,"column":5}},"23":{"start":{"line":80,"column":6},"end":{"line":82,"column":8}},"24":{"start":{"line":85,"column":4},"end":{"line":85,"column":22}},"25":{"start":{"line":94,"column":4},"end":{"line":94,"column":42}},"26":{"start":{"line":103,"column":21},"end":{"line":103,"column":49}},"27":{"start":{"line":105,"column":4},"end":{"line":109,"column":5}},"28":{"start":{"line":106,"column":6},"end":{"line":108,"column":8}},"29":{"start":{"line":111,"column":4},"end":{"line":111,"column":20}},"30":{"start":{"line":120,"column":4},"end":{"line":120,"column":43}},"31":{"start":{"line":128,"column":25},"end":{"line":128,"column":52}},"32":{"start":{"line":129,"column":21},"end":{"line":129,"column":51}},"33":{"start":{"line":130,"column":4},"end":{"line":130,"column":38}},"34":{"start":{"line":4,"column":0},"end":{"line":4,"column":13}}},"fnMap":{"0":{"name":"(anonymous_0)","decl":{"start":{"line":9,"column":2},"end":{"line":9,"column":null}},"loc":{"start":{"line":12,"column":20},"end":{"line":17,"column":3}}},"1":{"name":"(anonymous_1)","decl":{"start":{"line":25,"column":2},"end":{"line":25,"column":8}},"loc":{"start":{"line":27,"column":35},"end":{"line":44,"column":3}}},"2":{"name":"(anonymous_2)","decl":{"start":{"line":49,"column":2},"end":{"line":49,"column":13}},"loc":{"start":{"line":49,"column":13},"end":{"line":69,"column":3}}},"3":{"name":"(anonymous_3)","decl":{"start":{"line":58,"column":6},"end":{"line":58,"column":7}},"loc":{"start":{"line":58,"column":21},"end":{"line":63,"column":7}}},"4":{"name":"(anonymous_4)","decl":{"start":{"line":76,"column":2},"end":{"line":76,"column":15}},"loc":{"start":{"line":76,"column":35},"end":{"line":86,"column":3}}},"5":{"name":"(anonymous_5)","decl":{"start":{"line":93,"column":2},"end":{"line":93,"column":15}},"loc":{"start":{"line":93,"column":55},"end":{"line":95,"column":3}}},"6":{"name":"(anonymous_6)","decl":{"start":{"line":102,"column":2},"end":{"line":102,"column":13}},"loc":{"start":{"line":102,"column":33},"end":{"line":112,"column":3}}},"7":{"name":"(anonymous_7)","decl":{"start":{"line":119,"column":2},"end":{"line":119,"column":13}},"loc":{"start":{"line":119,"column":51},"end":{"line":121,"column":3}}},"8":{"name":"(anonymous_8)","decl":{"start":{"line":127,"column":2},"end":{"line":127,"column":18}},"loc":{"start":{"line":127,"column":18},"end":{"line":131,"column":3}}}},"branchMap":{"0":{"loc":{"start":{"line":27,"column":4},"end":{"line":27,"column":35}},"type":"default-arg","locations":[{"start":{"line":27,"column":23},"end":{"line":27,"column":35}}]},"1":{"loc":{"start":{"line":52,"column":4},"end":{"line":54,"column":5}},"type":"if","locations":[{"start":{"line":52,"column":4},"end":{"line":54,"column":5}},{"start":{},"end":{}}]},"2":{"loc":{"start":{"line":59,"column":8},"end":{"line":61,"column":9}},"type":"if","locations":[{"start":{"line":59,"column":8},"end":{"line":61,"column":9}},{"start":{},"end":{}}]},"3":{"loc":{"start":{"line":62,"column":15},"end":{"line":62,"column":53}},"type":"cond-expr","locations":[{"start":{"line":62,"column":36},"end":{"line":62,"column":41}},{"start":{"line":62,"column":44},"end":{"line":62,"column":53}}]},"4":{"loc":{"start":{"line":79,"column":4},"end":{"line":83,"column":5}},"type":"if","locations":[{"start":{"line":79,"column":4},"end":{"line":83,"column":5}},{"start":{},"end":{}}]},"5":{"loc":{"start":{"line":105,"column":4},"end":{"line":109,"column":5}},"type":"if","locations":[{"start":{"line":105,"column":4},"end":{"line":109,"column":5}},{"start":{},"end":{}}]}},"s":{"0":5,"1":5,"2":45,"3":45,"4":45,"5":32,"6":32,"7":32,"8":3,"9":2,"10":30,"11":30,"12":3,"13":3,"14":3,"15":3,"16":20,"17":6,"18":14,"19":3,"20":3,"21":8,"22":8,"23":2,"24":6,"25":2,"26":7,"27":7,"28":1,"29":6,"30":2,"31":2,"32":2,"33":2,"34":5},"f":{"0":45,"1":32,"2":3,"3":20,"4":8,"5":2,"6":7,"7":2,"8":2},"b":{"0":[0],"1":[3,0],"2":[6,14],"3":[11,3],"4":[2,6],"5":[1,6]}}
}
