TN:
SF:src/config/defaultNetworks.ts
FNF:0
FNH:0
DA:1,1
DA:4,1
DA:12,1
LF:3
LH:3
BRF:0
BRH:0
end_of_record
TN:
SF:src/config/loader.ts
FN:17,createToolkit
FN:31,(anonymous_1)
FN:45,(anonymous_2)
FN:63,(anonymous_3)
FNF:4
FNH:4
FNDA:10,createToolkit
FNDA:2,(anonymous_1)
FNDA:4,(anonymous_2)
FNDA:5,(anonymous_3)
DA:1,1
DA:2,1
DA:17,1
DA:25,10
DA:31,10
DA:32,2
DA:33,2
DA:37,10
DA:39,10
DA:46,4
DA:47,4
DA:48,1
DA:50,3
DA:64,5
LF:14
LH:14
BRDA:21,0,0,9
BRDA:22,1,0,9
BRDA:31,2,0,2
BRDA:31,2,1,8
BRDA:31,3,0,10
BRDA:31,3,1,10
BRDA:31,4,0,8
BRDA:31,4,1,2
BRDA:31,5,0,10
BRDA:31,5,1,10
BRDA:47,6,0,1
BRDA:47,6,1,3
BRF:12
BRH:12
end_of_record
TN:
SF:src/config/toolkit.ts
FN:30,(anonymous_0)
FN:65,(anonymous_1)
FN:78,(anonymous_2)
FN:87,(anonymous_3)
FN:101,(anonymous_4)
FNF:5
FNH:5
FNDA:29,(anonymous_0)
FNDA:2,(anonymous_1)
FNDA:2,(anonymous_2)
FNDA:16,(anonymous_3)
FNDA:16,(anonymous_4)
DA:1,4
DA:2,4
DA:20,4
DA:37,29
DA:39,29
DA:40,1
DA:43,28
DA:46,28
DA:49,28
DA:50,28
DA:51,28
DA:52,28
DA:53,28
DA:57,28
DA:66,2
DA:67,2
DA:68,1
DA:70,1
DA:79,2
DA:88,16
DA:89,7
DA:90,2
DA:91,5
DA:92,4
DA:102,16
LF:25
LH:25
BRDA:34,0,0,26
BRDA:35,1,0,25
BRDA:36,2,0,20
BRDA:39,3,0,1
BRDA:39,3,1,28
BRDA:67,4,0,1
BRDA:67,4,1,1
BRDA:88,5,0,9
BRDA:88,5,1,7
BRDA:89,6,0,2
BRDA:89,6,1,5
BRDA:89,7,0,7
BRDA:89,7,1,3
BRDA:91,8,0,4
BRDA:91,8,1,1
BRF:15
BRH:15
end_of_record
TN:
SF:src/managers/transaction.ts
FN:12,signWithKeypair
FN:22,createTransaction
FN:23,(anonymous_3)
FN:41,createTransactionBuilder
FN:51,sendTransaction
FN:81,(anonymous_8)
FNF:6
FNH:0
FNDA:0,signWithKeypair
FNDA:0,createTransaction
FNDA:0,(anonymous_3)
FNDA:0,createTransactionBuilder
FNDA:0,sendTransaction
FNDA:0,(anonymous_8)
DA:1,1
DA:12,1
DA:17,0
DA:18,0
DA:19,0
DA:22,1
DA:23,0
DA:28,0
DA:30,0
DA:31,0
DA:34,0
DA:35,0
DA:36,0
DA:38,0
DA:41,1
DA:42,0
DA:44,0
DA:51,1
DA:57,0
DA:59,0
DA:60,0
DA:61,0
DA:62,0
DA:63,0
DA:66,0
DA:67,0
DA:68,0
DA:70,0
DA:71,0
DA:73,0
DA:75,0
DA:76,0
DA:77,0
DA:80,0
DA:81,0
DA:82,0
DA:83,0
DA:85,0
DA:86,0
DA:87,0
DA:90,0
LF:41
LH:5
BRDA:25,0,0,0
BRDA:30,1,0,0
BRDA:30,1,1,0
BRDA:42,2,0,0
BRDA:42,2,1,0
BRDA:42,3,0,0
BRDA:42,3,1,0
BRDA:42,4,0,0
BRDA:42,4,1,0
BRDA:42,5,0,0
BRDA:42,5,1,0
BRDA:59,6,0,0
BRDA:59,6,1,0
BRDA:62,7,0,0
BRDA:62,7,1,0
BRDA:68,8,0,0
BRDA:68,8,1,0
BRDA:68,9,0,0
BRDA:68,9,1,0
BRDA:85,10,0,0
BRDA:85,10,1,0
BRF:21
BRH:0
end_of_record
TN:
SF:src/utils/accountUtils.ts
FN:10,airdropAccount
FN:23,getTokenBalance
FNF:2
FNH:1
FNDA:6,airdropAccount
FNDA:0,getTokenBalance
DA:1,1
DA:3,1
DA:10,1
DA:11,6
DA:12,6
DA:13,6
DA:15,4
DA:18,2
DA:19,2
DA:23,1
DA:29,0
DA:30,0
DA:32,0
DA:33,0
DA:35,0
DA:36,0
DA:38,0
DA:39,0
DA:41,0
DA:42,0
LF:20
LH:10
BRDA:18,0,0,1
BRDA:18,0,1,1
BRDA:35,1,0,0
BRDA:35,1,1,0
BRDA:38,2,0,0
BRDA:38,2,1,0
BRF:6
BRH:2
end_of_record
TN:
SF:src/utils/addressBook.ts
FN:9,(anonymous_0)
FN:25,(anonymous_1)
FN:49,(anonymous_2)
FN:58,(anonymous_3)
FN:76,(anonymous_4)
FN:93,(anonymous_5)
FN:102,(anonymous_6)
FN:119,(anonymous_7)
FN:127,(anonymous_8)
FNF:9
FNH:9
FNDA:45,(anonymous_0)
FNDA:32,(anonymous_1)
FNDA:3,(anonymous_2)
FNDA:20,(anonymous_3)
FNDA:8,(anonymous_4)
FNDA:2,(anonymous_5)
FNDA:7,(anonymous_6)
FNDA:2,(anonymous_7)
FNDA:2,(anonymous_8)
DA:1,5
DA:2,5
DA:4,5
DA:14,45
DA:15,45
DA:16,45
DA:29,32
DA:30,32
DA:31,32
DA:32,3
DA:33,2
DA:39,30
DA:42,30
DA:50,3
DA:52,3
DA:53,3
DA:56,3
DA:59,20
DA:60,6
DA:62,14
DA:67,3
DA:68,3
DA:77,8
DA:79,8
DA:80,2
DA:85,6
DA:94,2
DA:103,7
DA:105,7
DA:106,1
DA:111,6
DA:120,2
DA:128,2
DA:129,2
DA:130,2
LF:35
LH:35
BRDA:27,0,0,0
BRDA:52,1,0,3
BRDA:52,1,1,0
BRDA:59,2,0,6
BRDA:59,2,1,14
BRDA:62,3,0,11
BRDA:62,3,1,3
BRDA:79,4,0,2
BRDA:79,4,1,6
BRDA:105,5,0,1
BRDA:105,5,1,6
BRF:11
BRH:9
end_of_record
